<?xml version="1.0" encoding="UTF-8"?>
<!-- Generated by org.testng.reporters.JUnitReportReporter -->
<testsuite hostname="10503-L-79469" failures="0" tests="1" name="loginTestCases.CorrectPassword" time="9.875" errors="0" timestamp="2021-01-11T16:32:44 IST" skipped="0">
  <testcase classname="loginTestCases.CorrectPassword" name="pwd" time="9.875"/>
  <system-out/>
</testsuite> <!-- loginTestCases.CorrectPassword -->
