<?xml version="1.0" encoding="UTF-8"?>
<!-- Generated by org.testng.reporters.JUnitReportReporter -->
<testsuite hostname="10503-L-79469" failures="0" tests="1" name="loginTestCases.BothIncorrect" time="11.663" errors="0" timestamp="2021-01-11T16:32:44 IST" skipped="0">
  <testcase classname="loginTestCases.BothIncorrect" name="bothincorrect" time="11.663"/>
  <system-out/>
</testsuite> <!-- loginTestCases.BothIncorrect -->
