<?xml version="1.0" encoding="UTF-8"?>
<!-- Generated by org.testng.reporters.JUnitReportReporter -->
<testsuite hostname="10503-L-79469" failures="0" tests="1" name="loginTestCases.CorrectUser" time="9.885" errors="0" timestamp="2021-01-11T16:32:44 IST" skipped="0">
  <testcase classname="loginTestCases.CorrectUser" name="user" time="9.885"/>
  <system-out/>
</testsuite> <!-- loginTestCases.CorrectUser -->
